[2024-02-01 13:50:05,155] [autoreload.py:637] [autoreload:run_with_reloader] [INFO]- Watching for file changes with StatReloader
[2024-02-01 13:50:48,298] [basehttp.py:161] [basehttp:log_message] [INFO]- "POST /reply/ HTTP/1.1" 200 196
[2024-02-01 13:51:04,666] [basehttp.py:161] [basehttp:log_message] [INFO]- "POST /reply/ HTTP/1.1" 200 196
[2024-02-01 13:51:17,235] [basehttp.py:161] [basehttp:log_message] [INFO]- "POST /reply/ HTTP/1.1" 200 143
[2024-02-01 13:51:49,968] [autoreload.py:251] [autoreload:trigger_reload] [INFO]- /home/lethe/thu/dragon/yuanyang24/wxcloudrun/views.py changed, reloading.
[2024-02-01 13:51:50,162] [autoreload.py:637] [autoreload:run_with_reloader] [INFO]- Watching for file changes with StatReloader
[2024-02-01 13:51:56,573] [basehttp.py:161] [basehttp:log_message] [INFO]- "POST /reply/ HTTP/1.1" 200 143
[2024-02-01 13:52:43,587] [autoreload.py:251] [autoreload:trigger_reload] [INFO]- /home/lethe/thu/dragon/yuanyang24/wxcloudrun/views.py changed, reloading.
[2024-02-01 13:52:43,772] [autoreload.py:637] [autoreload:run_with_reloader] [INFO]- Watching for file changes with StatReloader
[2024-02-01 13:52:45,837] [autoreload.py:251] [autoreload:trigger_reload] [INFO]- /home/lethe/thu/dragon/yuanyang24/wxcloudrun/views.py changed, reloading.
[2024-02-01 13:52:46,047] [autoreload.py:637] [autoreload:run_with_reloader] [INFO]- Watching for file changes with StatReloader
[2024-02-01 13:52:48,106] [autoreload.py:251] [autoreload:trigger_reload] [INFO]- /home/lethe/thu/dragon/yuanyang24/wxcloudrun/views.py changed, reloading.
[2024-02-01 13:52:48,291] [autoreload.py:637] [autoreload:run_with_reloader] [INFO]- Watching for file changes with StatReloader
[2024-02-01 13:52:53,170] [basehttp.py:161] [basehttp:log_message] [INFO]- "POST /reply/ HTTP/1.1" 200 219
[2024-02-01 13:53:43,727] [autoreload.py:251] [autoreload:trigger_reload] [INFO]- /home/lethe/thu/dragon/yuanyang24/wxcloudrun/puzzle_record.py changed, reloading.
[2024-02-01 13:53:43,934] [autoreload.py:637] [autoreload:run_with_reloader] [INFO]- Watching for file changes with StatReloader
[2024-02-01 13:53:51,241] [basehttp.py:161] [basehttp:log_message] [INFO]- "POST /reply/ HTTP/1.1" 200 219
[2024-02-01 13:54:26,326] [autoreload.py:251] [autoreload:trigger_reload] [INFO]- /home/lethe/thu/dragon/yuanyang24/wxcloudrun/puzzle_record.py changed, reloading.
[2024-02-01 13:54:26,530] [autoreload.py:637] [autoreload:run_with_reloader] [INFO]- Watching for file changes with StatReloader
[2024-02-01 13:54:28,619] [autoreload.py:251] [autoreload:trigger_reload] [INFO]- /home/lethe/thu/dragon/yuanyang24/wxcloudrun/puzzle_record.py changed, reloading.
[2024-02-01 13:54:28,863] [autoreload.py:637] [autoreload:run_with_reloader] [INFO]- Watching for file changes with StatReloader
[2024-02-01 13:54:31,953] [autoreload.py:251] [autoreload:trigger_reload] [INFO]- /home/lethe/thu/dragon/yuanyang24/wxcloudrun/puzzle_record.py changed, reloading.
[2024-02-01 13:54:32,151] [autoreload.py:637] [autoreload:run_with_reloader] [INFO]- Watching for file changes with StatReloader
[2024-02-01 13:54:36,683] [basehttp.py:161] [basehttp:log_message] [INFO]- "POST /reply/ HTTP/1.1" 200 333
[2024-02-01 13:55:50,751] [autoreload.py:251] [autoreload:trigger_reload] [INFO]- /home/lethe/thu/dragon/yuanyang24/wxcloudrun/puzzle_record.py changed, reloading.
[2024-02-01 13:55:50,945] [autoreload.py:637] [autoreload:run_with_reloader] [INFO]- Watching for file changes with StatReloader
[2024-02-01 13:55:54,032] [autoreload.py:251] [autoreload:trigger_reload] [INFO]- /home/lethe/thu/dragon/yuanyang24/wxcloudrun/puzzle_record.py changed, reloading.
[2024-02-01 13:55:54,260] [autoreload.py:637] [autoreload:run_with_reloader] [INFO]- Watching for file changes with StatReloader
[2024-02-01 13:56:04,240] [basehttp.py:161] [basehttp:log_message] [INFO]- "POST /reply/ HTTP/1.1" 200 362
[2024-02-01 13:56:11,224] [basehttp.py:161] [basehttp:log_message] [INFO]- "POST /reply/ HTTP/1.1" 200 196
[2024-02-01 13:58:42,468] [basehttp.py:161] [basehttp:log_message] [INFO]- "POST /reply/ HTTP/1.1" 200 223
[2024-02-01 13:59:14,004] [autoreload.py:251] [autoreload:trigger_reload] [INFO]- /home/lethe/thu/dragon/yuanyang24/wxcloudrun/views.py changed, reloading.
[2024-02-01 13:59:14,212] [autoreload.py:637] [autoreload:run_with_reloader] [INFO]- Watching for file changes with StatReloader
[2024-02-01 13:59:23,014] [basehttp.py:161] [basehttp:log_message] [INFO]- "POST /reply/ HTTP/1.1" 200 262
[2024-02-01 14:00:49,920] [autoreload.py:251] [autoreload:trigger_reload] [INFO]- /home/lethe/thu/dragon/yuanyang24/wxcloudrun/puzzle_record.py changed, reloading.
[2024-02-01 14:00:50,125] [autoreload.py:637] [autoreload:run_with_reloader] [INFO]- Watching for file changes with StatReloader
[2024-02-01 14:00:52,209] [autoreload.py:251] [autoreload:trigger_reload] [INFO]- /home/lethe/thu/dragon/yuanyang24/wxcloudrun/puzzle_record.py changed, reloading.
[2024-02-01 14:00:52,399] [autoreload.py:637] [autoreload:run_with_reloader] [INFO]- Watching for file changes with StatReloader
[2024-02-01 14:00:55,477] [autoreload.py:251] [autoreload:trigger_reload] [INFO]- /home/lethe/thu/dragon/yuanyang24/wxcloudrun/puzzle_record.py changed, reloading.
[2024-02-01 14:00:55,681] [autoreload.py:637] [autoreload:run_with_reloader] [INFO]- Watching for file changes with StatReloader
[2024-02-01 14:01:15,877] [autoreload.py:251] [autoreload:trigger_reload] [INFO]- /home/lethe/thu/dragon/yuanyang24/wxcloudrun/utils.py changed, reloading.
[2024-02-01 14:01:16,074] [autoreload.py:637] [autoreload:run_with_reloader] [INFO]- Watching for file changes with StatReloader
[2024-02-01 14:01:17,147] [autoreload.py:251] [autoreload:trigger_reload] [INFO]- /home/lethe/thu/dragon/yuanyang24/wxcloudrun/utils.py changed, reloading.
[2024-02-01 14:01:17,358] [autoreload.py:637] [autoreload:run_with_reloader] [INFO]- Watching for file changes with StatReloader
[2024-02-01 14:01:27,779] [basehttp.py:161] [basehttp:log_message] [INFO]- "POST /reply/ HTTP/1.1" 200 262
[2024-02-01 14:02:31,912] [autoreload.py:251] [autoreload:trigger_reload] [INFO]- /home/lethe/thu/dragon/yuanyang24/wxcloudrun/puzzle_record.py changed, reloading.
[2024-02-01 14:02:32,111] [autoreload.py:637] [autoreload:run_with_reloader] [INFO]- Watching for file changes with StatReloader
[2024-02-01 14:02:39,375] [basehttp.py:161] [basehttp:log_message] [INFO]- "POST /reply/ HTTP/1.1" 200 262
[2024-02-01 14:03:54,698] [autoreload.py:251] [autoreload:trigger_reload] [INFO]- /home/lethe/thu/dragon/yuanyang24/wxcloudrun/puzzle_record.py changed, reloading.
[2024-02-01 14:03:54,894] [autoreload.py:637] [autoreload:run_with_reloader] [INFO]- Watching for file changes with StatReloader
[2024-02-01 14:03:58,985] [autoreload.py:251] [autoreload:trigger_reload] [INFO]- /home/lethe/thu/dragon/yuanyang24/wxcloudrun/puzzle_record.py changed, reloading.
[2024-02-01 14:03:59,182] [autoreload.py:637] [autoreload:run_with_reloader] [INFO]- Watching for file changes with StatReloader
[2024-02-01 14:04:06,118] [basehttp.py:161] [basehttp:log_message] [INFO]- "POST /reply/ HTTP/1.1" 200 262
[2024-02-01 14:04:21,423] [autoreload.py:251] [autoreload:trigger_reload] [INFO]- /home/lethe/thu/dragon/yuanyang24/wxcloudrun/puzzle_record.py changed, reloading.
[2024-02-01 14:04:21,633] [autoreload.py:637] [autoreload:run_with_reloader] [INFO]- Watching for file changes with StatReloader
[2024-02-01 14:05:09,985] [autoreload.py:251] [autoreload:trigger_reload] [INFO]- /home/lethe/thu/dragon/yuanyang24/wxcloudrun/puzzle_record.py changed, reloading.
[2024-02-01 14:05:10,176] [autoreload.py:637] [autoreload:run_with_reloader] [INFO]- Watching for file changes with StatReloader
[2024-02-01 14:05:18,287] [autoreload.py:251] [autoreload:trigger_reload] [INFO]- /home/lethe/thu/dragon/yuanyang24/wxcloudrun/puzzle_record.py changed, reloading.
[2024-02-01 14:05:18,472] [autoreload.py:637] [autoreload:run_with_reloader] [INFO]- Watching for file changes with StatReloader
[2024-02-01 14:05:27,564] [autoreload.py:251] [autoreload:trigger_reload] [INFO]- /home/lethe/thu/dragon/yuanyang24/wxcloudrun/puzzle_record.py changed, reloading.
[2024-02-01 14:05:27,774] [autoreload.py:637] [autoreload:run_with_reloader] [INFO]- Watching for file changes with StatReloader
[2024-02-01 14:05:30,819] [basehttp.py:161] [basehttp:log_message] [INFO]- "POST /reply/ HTTP/1.1" 200 207
[2024-02-01 14:05:42,953] [autoreload.py:251] [autoreload:trigger_reload] [INFO]- /home/lethe/thu/dragon/yuanyang24/wxcloudrun/puzzle_record.py changed, reloading.
[2024-02-01 14:05:43,151] [autoreload.py:637] [autoreload:run_with_reloader] [INFO]- Watching for file changes with StatReloader
[2024-02-01 14:05:55,057] [basehttp.py:161] [basehttp:log_message] [INFO]- "POST /reply/ HTTP/1.1" 200 162
[2024-02-01 14:06:03,191] [basehttp.py:161] [basehttp:log_message] [INFO]- "POST /reply/ HTTP/1.1" 200 209
[2024-02-01 14:06:15,886] [basehttp.py:161] [basehttp:log_message] [INFO]- "POST /reply/ HTTP/1.1" 200 194
[2024-02-01 14:06:25,506] [autoreload.py:251] [autoreload:trigger_reload] [INFO]- /home/lethe/thu/dragon/yuanyang24/wxcloudrun/puzzle_record.py changed, reloading.
[2024-02-01 14:06:25,734] [autoreload.py:637] [autoreload:run_with_reloader] [INFO]- Watching for file changes with StatReloader
[2024-02-01 14:07:00,011] [autoreload.py:251] [autoreload:trigger_reload] [INFO]- /home/lethe/thu/dragon/yuanyang24/wxcloudrun/puzzle_record.py changed, reloading.
[2024-02-01 14:07:00,220] [autoreload.py:637] [autoreload:run_with_reloader] [INFO]- Watching for file changes with StatReloader
[2024-02-01 14:07:09,319] [autoreload.py:251] [autoreload:trigger_reload] [INFO]- /home/lethe/thu/dragon/yuanyang24/wxcloudrun/puzzle_record.py changed, reloading.
[2024-02-01 14:07:09,516] [autoreload.py:637] [autoreload:run_with_reloader] [INFO]- Watching for file changes with StatReloader
[2024-02-01 14:07:14,501] [basehttp.py:161] [basehttp:log_message] [INFO]- "POST /reply/ HTTP/1.1" 200 531
[2024-02-01 14:10:20,833] [autoreload.py:251] [autoreload:trigger_reload] [INFO]- /home/lethe/thu/dragon/yuanyang24/wxcloudrun/views.py changed, reloading.
[2024-02-01 14:10:21,064] [autoreload.py:637] [autoreload:run_with_reloader] [INFO]- Watching for file changes with StatReloader
[2024-02-01 14:10:25,156] [autoreload.py:251] [autoreload:trigger_reload] [INFO]- /home/lethe/thu/dragon/yuanyang24/wxcloudrun/views.py changed, reloading.
[2024-02-01 14:10:25,338] [autoreload.py:637] [autoreload:run_with_reloader] [INFO]- Watching for file changes with StatReloader
[2024-02-01 14:10:27,396] [autoreload.py:251] [autoreload:trigger_reload] [INFO]- /home/lethe/thu/dragon/yuanyang24/wxcloudrun/views.py changed, reloading.
[2024-02-01 14:10:27,579] [autoreload.py:637] [autoreload:run_with_reloader] [INFO]- Watching for file changes with StatReloader
[2024-02-01 14:10:35,663] [autoreload.py:251] [autoreload:trigger_reload] [INFO]- /home/lethe/thu/dragon/yuanyang24/wxcloudrun/views.py changed, reloading.
[2024-02-01 14:10:35,869] [autoreload.py:637] [autoreload:run_with_reloader] [INFO]- Watching for file changes with StatReloader
[2024-02-01 14:10:37,923] [autoreload.py:251] [autoreload:trigger_reload] [INFO]- /home/lethe/thu/dragon/yuanyang24/wxcloudrun/views.py changed, reloading.
[2024-02-01 14:10:38,100] [autoreload.py:637] [autoreload:run_with_reloader] [INFO]- Watching for file changes with StatReloader
[2024-02-01 14:10:48,207] [autoreload.py:251] [autoreload:trigger_reload] [INFO]- /home/lethe/thu/dragon/yuanyang24/wxcloudrun/views.py changed, reloading.
[2024-02-01 14:10:48,390] [autoreload.py:637] [autoreload:run_with_reloader] [INFO]- Watching for file changes with StatReloader
[2024-02-01 14:10:54,459] [autoreload.py:251] [autoreload:trigger_reload] [INFO]- /home/lethe/thu/dragon/yuanyang24/wxcloudrun/views.py changed, reloading.
[2024-02-01 14:10:54,659] [autoreload.py:637] [autoreload:run_with_reloader] [INFO]- Watching for file changes with StatReloader
[2024-02-01 14:11:00,737] [autoreload.py:251] [autoreload:trigger_reload] [INFO]- /home/lethe/thu/dragon/yuanyang24/wxcloudrun/views.py changed, reloading.
[2024-02-01 14:11:00,916] [autoreload.py:637] [autoreload:run_with_reloader] [INFO]- Watching for file changes with StatReloader
[2024-02-01 14:11:02,971] [autoreload.py:251] [autoreload:trigger_reload] [INFO]- /home/lethe/thu/dragon/yuanyang24/wxcloudrun/views.py changed, reloading.
[2024-02-01 14:11:03,179] [autoreload.py:637] [autoreload:run_with_reloader] [INFO]- Watching for file changes with StatReloader
[2024-02-01 14:11:06,241] [autoreload.py:251] [autoreload:trigger_reload] [INFO]- /home/lethe/thu/dragon/yuanyang24/wxcloudrun/views.py changed, reloading.
[2024-02-01 14:11:06,430] [autoreload.py:637] [autoreload:run_with_reloader] [INFO]- Watching for file changes with StatReloader
[2024-02-01 14:11:16,537] [autoreload.py:251] [autoreload:trigger_reload] [INFO]- /home/lethe/thu/dragon/yuanyang24/wxcloudrun/views.py changed, reloading.
[2024-02-01 14:11:16,741] [autoreload.py:637] [autoreload:run_with_reloader] [INFO]- Watching for file changes with StatReloader
[2024-02-01 14:11:24,832] [autoreload.py:251] [autoreload:trigger_reload] [INFO]- /home/lethe/thu/dragon/yuanyang24/wxcloudrun/views.py changed, reloading.
[2024-02-01 14:11:25,009] [autoreload.py:637] [autoreload:run_with_reloader] [INFO]- Watching for file changes with StatReloader
[2024-02-01 14:11:29,084] [autoreload.py:251] [autoreload:trigger_reload] [INFO]- /home/lethe/thu/dragon/yuanyang24/wxcloudrun/views.py changed, reloading.
[2024-02-01 14:11:29,289] [autoreload.py:637] [autoreload:run_with_reloader] [INFO]- Watching for file changes with StatReloader
[2024-02-01 14:11:37,365] [autoreload.py:251] [autoreload:trigger_reload] [INFO]- /home/lethe/thu/dragon/yuanyang24/wxcloudrun/views.py changed, reloading.
[2024-02-01 14:11:37,604] [autoreload.py:637] [autoreload:run_with_reloader] [INFO]- Watching for file changes with StatReloader
[2024-02-01 14:11:39,692] [autoreload.py:251] [autoreload:trigger_reload] [INFO]- /home/lethe/thu/dragon/yuanyang24/wxcloudrun/views.py changed, reloading.
[2024-02-01 14:11:39,886] [autoreload.py:637] [autoreload:run_with_reloader] [INFO]- Watching for file changes with StatReloader
[2024-02-01 14:11:42,980] [autoreload.py:251] [autoreload:trigger_reload] [INFO]- /home/lethe/thu/dragon/yuanyang24/wxcloudrun/views.py changed, reloading.
[2024-02-01 14:11:43,168] [autoreload.py:637] [autoreload:run_with_reloader] [INFO]- Watching for file changes with StatReloader
[2024-02-01 14:11:48,260] [autoreload.py:251] [autoreload:trigger_reload] [INFO]- /home/lethe/thu/dragon/yuanyang24/wxcloudrun/views.py changed, reloading.
[2024-02-01 14:11:48,450] [autoreload.py:637] [autoreload:run_with_reloader] [INFO]- Watching for file changes with StatReloader
[2024-02-01 14:11:49,525] [autoreload.py:251] [autoreload:trigger_reload] [INFO]- /home/lethe/thu/dragon/yuanyang24/wxcloudrun/views.py changed, reloading.
[2024-02-01 14:11:49,715] [autoreload.py:637] [autoreload:run_with_reloader] [INFO]- Watching for file changes with StatReloader
[2024-02-01 14:11:54,788] [autoreload.py:251] [autoreload:trigger_reload] [INFO]- /home/lethe/thu/dragon/yuanyang24/wxcloudrun/views.py changed, reloading.
[2024-02-01 14:11:54,983] [autoreload.py:637] [autoreload:run_with_reloader] [INFO]- Watching for file changes with StatReloader
[2024-02-01 14:12:11,362] [basehttp.py:161] [basehttp:log_message] [INFO]- "POST /reply/ HTTP/1.1" 200 362
[2024-02-01 14:12:20,516] [basehttp.py:161] [basehttp:log_message] [INFO]- "POST /reply/ HTTP/1.1" 200 362
[2024-02-01 14:12:27,285] [autoreload.py:251] [autoreload:trigger_reload] [INFO]- /home/lethe/thu/dragon/yuanyang24/wxcloudrun/user.py changed, reloading.
[2024-02-01 14:12:27,475] [autoreload.py:637] [autoreload:run_with_reloader] [INFO]- Watching for file changes with StatReloader
[2024-02-01 14:12:29,537] [autoreload.py:251] [autoreload:trigger_reload] [INFO]- /home/lethe/thu/dragon/yuanyang24/wxcloudrun/user.py changed, reloading.
[2024-02-01 14:12:29,734] [autoreload.py:637] [autoreload:run_with_reloader] [INFO]- Watching for file changes with StatReloader
[2024-02-01 14:12:39,995] [basehttp.py:161] [basehttp:log_message] [INFO]- "POST /reply/ HTTP/1.1" 200 362
[2024-02-01 14:13:00,388] [basehttp.py:161] [basehttp:log_message] [INFO]- "POST /reply/ HTTP/1.1" 200 362
[2024-02-01 14:13:19,797] [basehttp.py:161] [basehttp:log_message] [INFO]- "POST /reply/ HTTP/1.1" 200 959
[2024-02-01 14:16:47,425] [basehttp.py:161] [basehttp:log_message] [INFO]- "POST /cloud/ HTTP/1.1" 200 73
[2024-02-01 14:16:57,763] [basehttp.py:161] [basehttp:log_message] [INFO]- "POST /cloud/ HTTP/1.1" 200 73
[2024-02-01 14:18:08,322] [basehttp.py:161] [basehttp:log_message] [INFO]- "POST /cloud/ HTTP/1.1" 200 29
[2024-02-01 14:19:15,365] [autoreload.py:251] [autoreload:trigger_reload] [INFO]- /home/lethe/thu/dragon/yuanyang24/wxcloudrun/views.py changed, reloading.
[2024-02-01 14:19:15,591] [autoreload.py:637] [autoreload:run_with_reloader] [INFO]- Watching for file changes with StatReloader
[2024-02-01 14:19:19,838] [basehttp.py:161] [basehttp:log_message] [INFO]- "POST /cloud/ HTTP/1.1" 200 29
[2024-02-01 14:19:34,798] [autoreload.py:251] [autoreload:trigger_reload] [INFO]- /home/lethe/thu/dragon/yuanyang24/wxcloudrun/views.py changed, reloading.
[2024-02-01 14:19:35,011] [autoreload.py:637] [autoreload:run_with_reloader] [INFO]- Watching for file changes with StatReloader
[2024-02-01 14:19:40,794] [basehttp.py:161] [basehttp:log_message] [INFO]- "POST /cloud/ HTTP/1.1" 200 83
[2024-02-01 14:20:13,331] [autoreload.py:251] [autoreload:trigger_reload] [INFO]- /home/lethe/thu/dragon/yuanyang24/wxcloudrun/views.py changed, reloading.
[2024-02-01 14:20:13,542] [autoreload.py:637] [autoreload:run_with_reloader] [INFO]- Watching for file changes with StatReloader
[2024-02-01 14:20:16,627] [autoreload.py:251] [autoreload:trigger_reload] [INFO]- /home/lethe/thu/dragon/yuanyang24/wxcloudrun/views.py changed, reloading.
[2024-02-01 14:20:16,816] [autoreload.py:637] [autoreload:run_with_reloader] [INFO]- Watching for file changes with StatReloader
[2024-02-01 14:20:19,898] [autoreload.py:251] [autoreload:trigger_reload] [INFO]- /home/lethe/thu/dragon/yuanyang24/wxcloudrun/views.py changed, reloading.
[2024-02-01 14:20:20,106] [autoreload.py:637] [autoreload:run_with_reloader] [INFO]- Watching for file changes with StatReloader
[2024-02-01 14:20:32,252] [autoreload.py:251] [autoreload:trigger_reload] [INFO]- /home/lethe/thu/dragon/yuanyang24/wxcloudrun/user.py changed, reloading.
[2024-02-01 14:20:32,449] [autoreload.py:637] [autoreload:run_with_reloader] [INFO]- Watching for file changes with StatReloader
[2024-02-01 14:20:34,528] [autoreload.py:251] [autoreload:trigger_reload] [INFO]- /home/lethe/thu/dragon/yuanyang24/wxcloudrun/user.py changed, reloading.
[2024-02-01 14:20:34,729] [autoreload.py:637] [autoreload:run_with_reloader] [INFO]- Watching for file changes with StatReloader
[2024-02-01 14:20:36,805] [autoreload.py:251] [autoreload:trigger_reload] [INFO]- /home/lethe/thu/dragon/yuanyang24/wxcloudrun/user.py changed, reloading.
[2024-02-01 14:20:37,015] [autoreload.py:637] [autoreload:run_with_reloader] [INFO]- Watching for file changes with StatReloader
[2024-02-01 14:22:56,962] [basehttp.py:161] [basehttp:log_message] [INFO]- "POST /cloud/ HTTP/1.1" 200 117
[2024-02-01 14:23:36,822] [basehttp.py:161] [basehttp:log_message] [INFO]- "POST /cloud/ HTTP/1.1" 200 78
[2024-02-01 14:24:01,363] [autoreload.py:251] [autoreload:trigger_reload] [INFO]- /home/lethe/thu/dragon/yuanyang24/wxcloudrun/views.py changed, reloading.
[2024-02-01 14:24:01,542] [autoreload.py:637] [autoreload:run_with_reloader] [INFO]- Watching for file changes with StatReloader
[2024-02-01 14:24:09,342] [basehttp.py:161] [basehttp:log_message] [INFO]- "POST /reply/ HTTP/1.1" 200 362
[2024-02-01 14:24:16,269] [basehttp.py:161] [basehttp:log_message] [INFO]- "POST /reply/ HTTP/1.1" 200 196
[2024-02-01 14:24:52,814] [basehttp.py:161] [basehttp:log_message] [INFO]- "POST /cloud/ HTTP/1.1" 200 78
[2024-02-01 14:25:00,452] [basehttp.py:161] [basehttp:log_message] [INFO]- "POST /cloud/ HTTP/1.1" 200 78
[2024-02-01 14:25:30,169] [autoreload.py:251] [autoreload:trigger_reload] [INFO]- /home/lethe/thu/dragon/yuanyang24/wxcloudrun/views.py changed, reloading.
[2024-02-01 14:25:30,350] [autoreload.py:637] [autoreload:run_with_reloader] [INFO]- Watching for file changes with StatReloader
[2024-02-01 14:25:31,421] [autoreload.py:251] [autoreload:trigger_reload] [INFO]- /home/lethe/thu/dragon/yuanyang24/wxcloudrun/views.py changed, reloading.
[2024-02-01 14:25:31,604] [autoreload.py:637] [autoreload:run_with_reloader] [INFO]- Watching for file changes with StatReloader
[2024-02-01 14:25:34,833] [basehttp.py:161] [basehttp:log_message] [INFO]- "POST /cloud/ HTTP/1.1" 200 79
[2024-02-01 14:25:53,825] [autoreload.py:251] [autoreload:trigger_reload] [INFO]- /home/lethe/thu/dragon/yuanyang24/wxcloudrun/views.py changed, reloading.
[2024-02-01 14:25:54,005] [autoreload.py:637] [autoreload:run_with_reloader] [INFO]- Watching for file changes with StatReloader
[2024-02-01 14:25:56,087] [autoreload.py:251] [autoreload:trigger_reload] [INFO]- /home/lethe/thu/dragon/yuanyang24/wxcloudrun/views.py changed, reloading.
[2024-02-01 14:25:56,301] [autoreload.py:637] [autoreload:run_with_reloader] [INFO]- Watching for file changes with StatReloader
[2024-02-01 14:25:58,376] [autoreload.py:251] [autoreload:trigger_reload] [INFO]- /home/lethe/thu/dragon/yuanyang24/wxcloudrun/views.py changed, reloading.
[2024-02-01 14:25:58,570] [autoreload.py:637] [autoreload:run_with_reloader] [INFO]- Watching for file changes with StatReloader
[2024-02-01 14:26:00,644] [autoreload.py:251] [autoreload:trigger_reload] [INFO]- /home/lethe/thu/dragon/yuanyang24/wxcloudrun/views.py changed, reloading.
[2024-02-01 14:26:00,845] [autoreload.py:637] [autoreload:run_with_reloader] [INFO]- Watching for file changes with StatReloader
[2024-02-01 14:26:03,037] [basehttp.py:161] [basehttp:log_message] [INFO]- "POST /cloud/ HTTP/1.1" 200 78
[2024-02-01 14:26:07,982] [autoreload.py:251] [autoreload:trigger_reload] [INFO]- /home/lethe/thu/dragon/yuanyang24/wxcloudrun/views.py changed, reloading.
[2024-02-01 14:26:08,178] [autoreload.py:637] [autoreload:run_with_reloader] [INFO]- Watching for file changes with StatReloader
[2024-02-01 14:26:12,604] [basehttp.py:161] [basehttp:log_message] [INFO]- "POST /cloud/ HTTP/1.1" 200 78
[2024-02-01 14:26:31,405] [autoreload.py:251] [autoreload:trigger_reload] [INFO]- /home/lethe/thu/dragon/yuanyang24/wxcloudrun/views.py changed, reloading.
[2024-02-01 14:26:31,642] [autoreload.py:637] [autoreload:run_with_reloader] [INFO]- Watching for file changes with StatReloader
[2024-02-01 14:26:36,942] [basehttp.py:161] [basehttp:log_message] [INFO]- "POST /cloud/ HTTP/1.1" 200 95
[2024-02-01 14:26:46,830] [autoreload.py:251] [autoreload:trigger_reload] [INFO]- /home/lethe/thu/dragon/yuanyang24/wxcloudrun/views.py changed, reloading.
[2024-02-01 14:26:47,038] [autoreload.py:637] [autoreload:run_with_reloader] [INFO]- Watching for file changes with StatReloader
[2024-02-01 14:26:52,975] [basehttp.py:161] [basehttp:log_message] [INFO]- "POST /cloud/ HTTP/1.1" 200 433
[2024-02-01 14:38:47,718] [autoreload.py:637] [autoreload:run_with_reloader] [INFO]- Watching for file changes with StatReloader
[2024-02-01 14:41:13,355] [basehttp.py:161] [basehttp:log_message] [INFO]- "POST /reply/ HTTP/1.1" 200 229
