[2024-02-08 08:41:42,429] [autoreload.py:637] [autoreload:run_with_reloader] [INFO]- Watching for file changes with StatReloader
[2024-02-08 08:42:34,447] [basehttp.py:161] [basehttp:log_message] [INFO]- "POST /reply/ HTTP/1.1" 200 362
[2024-02-08 08:42:56,997] [autoreload.py:251] [autoreload:trigger_reload] [INFO]- /home/lethe/thu/dragon/yuanyang24/wxcloudrun/views.py changed, reloading.
[2024-02-08 08:42:57,195] [autoreload.py:637] [autoreload:run_with_reloader] [INFO]- Watching for file changes with StatReloader
[2024-02-08 08:43:10,340] [autoreload.py:251] [autoreload:trigger_reload] [INFO]- /home/lethe/thu/dragon/yuanyang24/wxcloudrun/views.py changed, reloading.
[2024-02-08 08:43:10,532] [autoreload.py:637] [autoreload:run_with_reloader] [INFO]- Watching for file changes with StatReloader
[2024-02-08 08:43:26,667] [autoreload.py:251] [autoreload:trigger_reload] [INFO]- /home/lethe/thu/dragon/yuanyang24/wxcloudrun/views.py changed, reloading.
[2024-02-08 08:43:26,864] [autoreload.py:637] [autoreload:run_with_reloader] [INFO]- Watching for file changes with StatReloader
[2024-02-08 08:43:30,945] [autoreload.py:251] [autoreload:trigger_reload] [INFO]- /home/lethe/thu/dragon/yuanyang24/wxcloudrun/views.py changed, reloading.
[2024-02-08 08:43:31,151] [autoreload.py:637] [autoreload:run_with_reloader] [INFO]- Watching for file changes with StatReloader
[2024-02-08 08:43:49,283] [autoreload.py:251] [autoreload:trigger_reload] [INFO]- /home/lethe/thu/dragon/yuanyang24/wxcloudrun/views.py changed, reloading.
[2024-02-08 08:43:49,482] [autoreload.py:637] [autoreload:run_with_reloader] [INFO]- Watching for file changes with StatReloader
[2024-02-08 08:43:54,580] [autoreload.py:251] [autoreload:trigger_reload] [INFO]- /home/lethe/thu/dragon/yuanyang24/wxcloudrun/views.py changed, reloading.
[2024-02-08 08:43:54,803] [autoreload.py:637] [autoreload:run_with_reloader] [INFO]- Watching for file changes with StatReloader
[2024-02-08 08:43:58,892] [autoreload.py:251] [autoreload:trigger_reload] [INFO]- /home/lethe/thu/dragon/yuanyang24/wxcloudrun/views.py changed, reloading.
[2024-02-08 08:43:59,099] [autoreload.py:637] [autoreload:run_with_reloader] [INFO]- Watching for file changes with StatReloader
[2024-02-08 08:44:02,190] [autoreload.py:251] [autoreload:trigger_reload] [INFO]- /home/lethe/thu/dragon/yuanyang24/wxcloudrun/views.py changed, reloading.
[2024-02-08 08:44:02,400] [autoreload.py:637] [autoreload:run_with_reloader] [INFO]- Watching for file changes with StatReloader
[2024-02-08 08:44:03,503] [autoreload.py:251] [autoreload:trigger_reload] [INFO]- /home/lethe/thu/dragon/yuanyang24/wxcloudrun/views.py changed, reloading.
[2024-02-08 08:44:03,702] [autoreload.py:637] [autoreload:run_with_reloader] [INFO]- Watching for file changes with StatReloader
[2024-02-08 08:44:08,807] [autoreload.py:251] [autoreload:trigger_reload] [INFO]- /home/lethe/thu/dragon/yuanyang24/wxcloudrun/views.py changed, reloading.
[2024-02-08 08:44:09,009] [autoreload.py:637] [autoreload:run_with_reloader] [INFO]- Watching for file changes with StatReloader
[2024-02-08 08:44:13,075] [autoreload.py:251] [autoreload:trigger_reload] [INFO]- /home/lethe/thu/dragon/yuanyang24/wxcloudrun/views.py changed, reloading.
[2024-02-08 08:44:13,293] [autoreload.py:637] [autoreload:run_with_reloader] [INFO]- Watching for file changes with StatReloader
[2024-02-08 08:44:16,352] [autoreload.py:251] [autoreload:trigger_reload] [INFO]- /home/lethe/thu/dragon/yuanyang24/wxcloudrun/views.py changed, reloading.
[2024-02-08 08:44:16,554] [autoreload.py:637] [autoreload:run_with_reloader] [INFO]- Watching for file changes with StatReloader
[2024-02-08 08:44:19,621] [autoreload.py:251] [autoreload:trigger_reload] [INFO]- /home/lethe/thu/dragon/yuanyang24/wxcloudrun/views.py changed, reloading.
[2024-02-08 08:44:19,810] [autoreload.py:637] [autoreload:run_with_reloader] [INFO]- Watching for file changes with StatReloader
[2024-02-08 08:44:21,869] [autoreload.py:251] [autoreload:trigger_reload] [INFO]- /home/lethe/thu/dragon/yuanyang24/wxcloudrun/views.py changed, reloading.
[2024-02-08 08:44:22,065] [autoreload.py:637] [autoreload:run_with_reloader] [INFO]- Watching for file changes with StatReloader
[2024-02-08 08:44:26,151] [autoreload.py:251] [autoreload:trigger_reload] [INFO]- /home/lethe/thu/dragon/yuanyang24/wxcloudrun/views.py changed, reloading.
[2024-02-08 08:44:26,393] [autoreload.py:637] [autoreload:run_with_reloader] [INFO]- Watching for file changes with StatReloader
[2024-02-08 08:44:41,096] [log.py:224] [log:log_response] [ERROR]- Internal Server Error: /reply/
Traceback (most recent call last):
  File "/home/lethe/anaconda3/envs/yuanyang24/lib/python3.11/site-packages/django/core/handlers/exception.py", line 47, in inner
    response = get_response(request)
               ^^^^^^^^^^^^^^^^^^^^^
  File "/home/lethe/anaconda3/envs/yuanyang24/lib/python3.11/site-packages/django/utils/deprecation.py", line 119, in __call__
    response = self.process_response(request, response)
               ^^^^^^^^^^^^^^^^^^^^^^^^^^^^^^^^^^^^^^^^
  File "/home/lethe/anaconda3/envs/yuanyang24/lib/python3.11/site-packages/django/middleware/clickjacking.py", line 26, in process_response
    if response.get('X-Frame-Options') is not None:
       ^^^^^^^^^^^^
AttributeError: 'str' object has no attribute 'get'
[2024-02-08 08:44:41,097] [basehttp.py:161] [basehttp:log_message] [ERROR]- "POST /reply/ HTTP/1.1" 500 72473
[2024-02-08 08:45:11,764] [autoreload.py:251] [autoreload:trigger_reload] [INFO]- /home/lethe/thu/dragon/yuanyang24/wxcloudrun/views.py changed, reloading.
[2024-02-08 08:45:11,951] [autoreload.py:637] [autoreload:run_with_reloader] [INFO]- Watching for file changes with StatReloader
[2024-02-08 08:45:27,425] [basehttp.py:161] [basehttp:log_message] [INFO]- "POST /reply/ HTTP/1.1" 200 143
[2024-02-08 08:45:39,208] [autoreload.py:251] [autoreload:trigger_reload] [INFO]- /home/lethe/thu/dragon/yuanyang24/wxcloudrun/views.py changed, reloading.
[2024-02-08 08:45:39,425] [autoreload.py:637] [autoreload:run_with_reloader] [INFO]- Watching for file changes with StatReloader
[2024-02-08 08:46:02,621] [basehttp.py:161] [basehttp:log_message] [INFO]- "POST /reply/ HTTP/1.1" 200 362
[2024-02-08 08:46:11,725] [autoreload.py:251] [autoreload:trigger_reload] [INFO]- /home/lethe/thu/dragon/yuanyang24/wxcloudrun/strings.py changed, reloading.
[2024-02-08 08:46:11,919] [autoreload.py:637] [autoreload:run_with_reloader] [INFO]- Watching for file changes with StatReloader
[2024-02-08 08:46:15,999] [autoreload.py:251] [autoreload:trigger_reload] [INFO]- /home/lethe/thu/dragon/yuanyang24/wxcloudrun/strings.py changed, reloading.
[2024-02-08 08:46:16,212] [autoreload.py:637] [autoreload:run_with_reloader] [INFO]- Watching for file changes with StatReloader
[2024-02-08 08:46:28,612] [basehttp.py:161] [basehttp:log_message] [INFO]- "POST /reply/ HTTP/1.1" 200 362
[2024-02-08 08:46:47,502] [autoreload.py:251] [autoreload:trigger_reload] [INFO]- /home/lethe/thu/dragon/yuanyang24/wxcloudrun/strings.py changed, reloading.
[2024-02-08 08:46:47,712] [autoreload.py:637] [autoreload:run_with_reloader] [INFO]- Watching for file changes with StatReloader
[2024-02-08 08:46:50,769] [autoreload.py:251] [autoreload:trigger_reload] [INFO]- /home/lethe/thu/dragon/yuanyang24/wxcloudrun/strings.py changed, reloading.
[2024-02-08 08:46:50,953] [autoreload.py:637] [autoreload:run_with_reloader] [INFO]- Watching for file changes with StatReloader
[2024-02-08 08:46:58,061] [autoreload.py:251] [autoreload:trigger_reload] [INFO]- /home/lethe/thu/dragon/yuanyang24/wxcloudrun/strings.py changed, reloading.
[2024-02-08 08:46:58,282] [autoreload.py:637] [autoreload:run_with_reloader] [INFO]- Watching for file changes with StatReloader
[2024-02-08 08:47:06,091] [basehttp.py:161] [basehttp:log_message] [INFO]- "POST /reply/ HTTP/1.1" 200 1311
[2024-02-08 08:47:12,867] [basehttp.py:161] [basehttp:log_message] [INFO]- "POST /reply/ HTTP/1.1" 200 35
[2024-02-08 08:47:47,271] [basehttp.py:161] [basehttp:log_message] [INFO]- "POST /reply/ HTTP/1.1" 200 249
[2024-02-08 08:48:02,714] [basehttp.py:161] [basehttp:log_message] [INFO]- "POST /reply/ HTTP/1.1" 200 417
[2024-02-08 08:48:06,608] [basehttp.py:161] [basehttp:log_message] [INFO]- "POST /reply/ HTTP/1.1" 200 576
[2024-02-08 08:48:29,408] [basehttp.py:161] [basehttp:log_message] [INFO]- "POST /reply/ HTTP/1.1" 200 1013
[2024-02-08 08:48:39,413] [basehttp.py:161] [basehttp:log_message] [INFO]- "POST /reply/ HTTP/1.1" 200 362
[2024-02-08 08:48:59,805] [basehttp.py:161] [basehttp:log_message] [INFO]- "POST /reply/ HTTP/1.1" 200 362
[2024-02-08 08:49:11,773] [basehttp.py:161] [basehttp:log_message] [INFO]- "POST /reply/ HTTP/1.1" 200 362
[2024-02-08 08:49:17,357] [basehttp.py:161] [basehttp:log_message] [INFO]- "POST /reply/ HTTP/1.1" 200 967
[2024-02-08 08:49:26,666] [basehttp.py:161] [basehttp:log_message] [INFO]- "POST /reply/ HTTP/1.1" 200 1055
[2024-02-08 08:49:36,141] [basehttp.py:161] [basehttp:log_message] [INFO]- "POST /reply/ HTTP/1.1" 200 1677
[2024-02-08 08:49:47,295] [basehttp.py:161] [basehttp:log_message] [INFO]- "POST /reply/ HTTP/1.1" 200 360
[2024-02-08 09:00:55,519] [autoreload.py:637] [autoreload:run_with_reloader] [INFO]- Watching for file changes with StatReloader
[2024-02-08 09:01:11,919] [basehttp.py:161] [basehttp:log_message] [INFO]- "POST /reply/ HTTP/1.1" 200 174
[2024-02-08 09:01:58,014] [autoreload.py:251] [autoreload:trigger_reload] [INFO]- /home/lethe/thu/dragon/yuanyang24/wxcloudrun/views.py changed, reloading.
[2024-02-08 09:01:58,208] [autoreload.py:637] [autoreload:run_with_reloader] [INFO]- Watching for file changes with StatReloader
[2024-02-08 09:02:04,310] [autoreload.py:251] [autoreload:trigger_reload] [INFO]- /home/lethe/thu/dragon/yuanyang24/wxcloudrun/views.py changed, reloading.
[2024-02-08 09:02:04,495] [autoreload.py:637] [autoreload:run_with_reloader] [INFO]- Watching for file changes with StatReloader
[2024-02-08 09:02:06,570] [autoreload.py:251] [autoreload:trigger_reload] [INFO]- /home/lethe/thu/dragon/yuanyang24/wxcloudrun/views.py changed, reloading.
[2024-02-08 09:02:06,782] [autoreload.py:637] [autoreload:run_with_reloader] [INFO]- Watching for file changes with StatReloader
[2024-02-08 09:02:07,856] [autoreload.py:251] [autoreload:trigger_reload] [INFO]- /home/lethe/thu/dragon/yuanyang24/wxcloudrun/views.py changed, reloading.
[2024-02-08 09:02:08,054] [autoreload.py:637] [autoreload:run_with_reloader] [INFO]- Watching for file changes with StatReloader
[2024-02-08 09:02:09,129] [autoreload.py:251] [autoreload:trigger_reload] [INFO]- /home/lethe/thu/dragon/yuanyang24/wxcloudrun/views.py changed, reloading.
[2024-02-08 09:02:09,338] [autoreload.py:637] [autoreload:run_with_reloader] [INFO]- Watching for file changes with StatReloader
[2024-02-08 09:02:13,397] [basehttp.py:161] [basehttp:log_message] [INFO]- "POST /reply/ HTTP/1.1" 200 173
[2024-02-08 09:02:20,778] [basehttp.py:161] [basehttp:log_message] [INFO]- "POST /reply/ HTTP/1.1" 200 476
[2024-02-08 09:03:02,751] [autoreload.py:251] [autoreload:trigger_reload] [INFO]- /home/lethe/thu/dragon/yuanyang24/wxcloudrun/views.py changed, reloading.
[2024-02-08 09:03:02,966] [autoreload.py:637] [autoreload:run_with_reloader] [INFO]- Watching for file changes with StatReloader
[2024-02-08 09:03:05,030] [autoreload.py:251] [autoreload:trigger_reload] [INFO]- /home/lethe/thu/dragon/yuanyang24/wxcloudrun/views.py changed, reloading.
[2024-02-08 09:03:05,241] [autoreload.py:637] [autoreload:run_with_reloader] [INFO]- Watching for file changes with StatReloader
[2024-02-08 09:03:08,322] [autoreload.py:251] [autoreload:trigger_reload] [INFO]- /home/lethe/thu/dragon/yuanyang24/wxcloudrun/views.py changed, reloading.
[2024-02-08 09:03:08,527] [autoreload.py:637] [autoreload:run_with_reloader] [INFO]- Watching for file changes with StatReloader
[2024-02-08 09:03:19,634] [autoreload.py:251] [autoreload:trigger_reload] [INFO]- /home/lethe/thu/dragon/yuanyang24/wxcloudrun/views.py changed, reloading.
[2024-02-08 09:03:19,821] [autoreload.py:637] [autoreload:run_with_reloader] [INFO]- Watching for file changes with StatReloader
[2024-02-08 09:03:20,896] [autoreload.py:251] [autoreload:trigger_reload] [INFO]- /home/lethe/thu/dragon/yuanyang24/wxcloudrun/views.py changed, reloading.
[2024-02-08 09:03:21,095] [autoreload.py:637] [autoreload:run_with_reloader] [INFO]- Watching for file changes with StatReloader
[2024-02-08 09:03:26,194] [autoreload.py:251] [autoreload:trigger_reload] [INFO]- /home/lethe/thu/dragon/yuanyang24/wxcloudrun/views.py changed, reloading.
[2024-02-08 09:03:26,389] [autoreload.py:637] [autoreload:run_with_reloader] [INFO]- Watching for file changes with StatReloader
[2024-02-08 09:03:30,700] [basehttp.py:161] [basehttp:log_message] [INFO]- "POST /reply/ HTTP/1.1" 200 373
[2024-02-08 09:03:39,624] [basehttp.py:161] [basehttp:log_message] [INFO]- "POST /reply/ HTTP/1.1" 200 373
[2024-02-08 09:03:43,299] [basehttp.py:161] [basehttp:log_message] [INFO]- "POST /reply/ HTTP/1.1" 200 373
[2024-02-08 09:03:48,336] [basehttp.py:161] [basehttp:log_message] [INFO]- "POST /reply/ HTTP/1.1" 200 571
[2024-02-08 09:04:01,688] [autoreload.py:251] [autoreload:trigger_reload] [INFO]- /home/lethe/thu/dragon/yuanyang24/wxcloudrun/views.py changed, reloading.
[2024-02-08 09:04:01,934] [autoreload.py:637] [autoreload:run_with_reloader] [INFO]- Watching for file changes with StatReloader
[2024-02-08 09:04:05,540] [basehttp.py:161] [basehttp:log_message] [INFO]- "POST /reply/ HTTP/1.1" 200 584
[2024-02-08 09:04:18,143] [basehttp.py:161] [basehttp:log_message] [INFO]- "POST /reply/ HTTP/1.1" 200 1311
[2024-02-08 09:04:34,213] [autoreload.py:251] [autoreload:trigger_reload] [INFO]- /home/lethe/thu/dragon/yuanyang24/wxcloudrun/views.py changed, reloading.
[2024-02-08 09:04:34,399] [autoreload.py:637] [autoreload:run_with_reloader] [INFO]- Watching for file changes with StatReloader
[2024-02-08 09:04:41,495] [autoreload.py:251] [autoreload:trigger_reload] [INFO]- /home/lethe/thu/dragon/yuanyang24/wxcloudrun/views.py changed, reloading.
[2024-02-08 09:04:41,711] [autoreload.py:637] [autoreload:run_with_reloader] [INFO]- Watching for file changes with StatReloader
[2024-02-08 09:08:34,158] [autoreload.py:251] [autoreload:trigger_reload] [INFO]- /home/lethe/thu/dragon/yuanyang24/wxcloudrun/purchase.py changed, reloading.
[2024-02-08 09:08:34,382] [autoreload.py:637] [autoreload:run_with_reloader] [INFO]- Watching for file changes with StatReloader
[2024-02-08 09:08:36,460] [autoreload.py:251] [autoreload:trigger_reload] [INFO]- /home/lethe/thu/dragon/yuanyang24/wxcloudrun/purchase.py changed, reloading.
[2024-02-08 09:08:36,669] [autoreload.py:637] [autoreload:run_with_reloader] [INFO]- Watching for file changes with StatReloader
[2024-02-08 09:08:43,751] [autoreload.py:251] [autoreload:trigger_reload] [INFO]- /home/lethe/thu/dragon/yuanyang24/wxcloudrun/purchase.py changed, reloading.
[2024-02-08 09:08:43,953] [autoreload.py:637] [autoreload:run_with_reloader] [INFO]- Watching for file changes with StatReloader
[2024-02-08 09:08:46,016] [autoreload.py:251] [autoreload:trigger_reload] [INFO]- /home/lethe/thu/dragon/yuanyang24/wxcloudrun/purchase.py changed, reloading.
[2024-02-08 09:08:46,210] [autoreload.py:637] [autoreload:run_with_reloader] [INFO]- Watching for file changes with StatReloader
[2024-02-08 09:08:47,284] [autoreload.py:251] [autoreload:trigger_reload] [INFO]- /home/lethe/thu/dragon/yuanyang24/wxcloudrun/purchase.py changed, reloading.
[2024-02-08 09:08:47,476] [autoreload.py:637] [autoreload:run_with_reloader] [INFO]- Watching for file changes with StatReloader
[2024-02-08 09:08:49,548] [autoreload.py:251] [autoreload:trigger_reload] [INFO]- /home/lethe/thu/dragon/yuanyang24/wxcloudrun/purchase.py changed, reloading.
[2024-02-08 09:08:49,750] [autoreload.py:637] [autoreload:run_with_reloader] [INFO]- Watching for file changes with StatReloader
[2024-02-08 09:08:50,832] [autoreload.py:251] [autoreload:trigger_reload] [INFO]- /home/lethe/thu/dragon/yuanyang24/wxcloudrun/purchase.py changed, reloading.
[2024-02-08 09:08:51,015] [autoreload.py:637] [autoreload:run_with_reloader] [INFO]- Watching for file changes with StatReloader
[2024-02-08 09:08:57,122] [autoreload.py:251] [autoreload:trigger_reload] [INFO]- /home/lethe/thu/dragon/yuanyang24/wxcloudrun/purchase.py changed, reloading.
[2024-02-08 09:08:57,331] [autoreload.py:637] [autoreload:run_with_reloader] [INFO]- Watching for file changes with StatReloader
[2024-02-08 09:09:10,418] [basehttp.py:161] [basehttp:log_message] [INFO]- "POST /reply/ HTTP/1.1" 200 189
[2024-02-08 09:09:36,665] [autoreload.py:251] [autoreload:trigger_reload] [INFO]- /home/lethe/thu/dragon/yuanyang24/wxcloudrun/purchase.py changed, reloading.
[2024-02-08 09:09:36,844] [autoreload.py:637] [autoreload:run_with_reloader] [INFO]- Watching for file changes with StatReloader
[2024-02-08 09:10:13,114] [autoreload.py:251] [autoreload:trigger_reload] [INFO]- /home/lethe/thu/dragon/yuanyang24/wxcloudrun/views.py changed, reloading.
[2024-02-08 09:10:13,315] [autoreload.py:637] [autoreload:run_with_reloader] [INFO]- Watching for file changes with StatReloader
[2024-02-08 09:10:17,401] [autoreload.py:251] [autoreload:trigger_reload] [INFO]- /home/lethe/thu/dragon/yuanyang24/wxcloudrun/views.py changed, reloading.
[2024-02-08 09:10:17,609] [autoreload.py:637] [autoreload:run_with_reloader] [INFO]- Watching for file changes with StatReloader
[2024-02-08 09:10:32,819] [autoreload.py:251] [autoreload:trigger_reload] [INFO]- /home/lethe/thu/dragon/yuanyang24/wxcloudrun/purchase.py changed, reloading.
[2024-02-08 09:10:33,015] [autoreload.py:637] [autoreload:run_with_reloader] [INFO]- Watching for file changes with StatReloader
[2024-02-08 09:10:34,094] [autoreload.py:251] [autoreload:trigger_reload] [INFO]- /home/lethe/thu/dragon/yuanyang24/wxcloudrun/purchase.py changed, reloading.
[2024-02-08 09:10:34,295] [autoreload.py:637] [autoreload:run_with_reloader] [INFO]- Watching for file changes with StatReloader
[2024-02-08 09:10:40,754] [basehttp.py:161] [basehttp:log_message] [INFO]- "POST /reply/ HTTP/1.1" 200 168
[2024-02-08 09:10:46,461] [autoreload.py:251] [autoreload:trigger_reload] [INFO]- /home/lethe/thu/dragon/yuanyang24/wxcloudrun/purchase.py changed, reloading.
[2024-02-08 09:10:46,667] [autoreload.py:637] [autoreload:run_with_reloader] [INFO]- Watching for file changes with StatReloader
[2024-02-08 09:11:01,820] [autoreload.py:251] [autoreload:trigger_reload] [INFO]- /home/lethe/thu/dragon/yuanyang24/wxcloudrun/purchase.py changed, reloading.
[2024-02-08 09:11:02,016] [autoreload.py:637] [autoreload:run_with_reloader] [INFO]- Watching for file changes with StatReloader
[2024-02-08 09:11:06,106] [autoreload.py:251] [autoreload:trigger_reload] [INFO]- /home/lethe/thu/dragon/yuanyang24/wxcloudrun/purchase.py changed, reloading.
[2024-02-08 09:11:06,340] [autoreload.py:637] [autoreload:run_with_reloader] [INFO]- Watching for file changes with StatReloader
[2024-02-08 09:11:10,427] [autoreload.py:251] [autoreload:trigger_reload] [INFO]- /home/lethe/thu/dragon/yuanyang24/wxcloudrun/purchase.py changed, reloading.
[2024-02-08 09:11:10,612] [autoreload.py:637] [autoreload:run_with_reloader] [INFO]- Watching for file changes with StatReloader
[2024-02-08 09:11:14,705] [autoreload.py:251] [autoreload:trigger_reload] [INFO]- /home/lethe/thu/dragon/yuanyang24/wxcloudrun/purchase.py changed, reloading.
[2024-02-08 09:11:14,894] [autoreload.py:637] [autoreload:run_with_reloader] [INFO]- Watching for file changes with StatReloader
[2024-02-08 09:11:16,968] [autoreload.py:251] [autoreload:trigger_reload] [INFO]- /home/lethe/thu/dragon/yuanyang24/wxcloudrun/purchase.py changed, reloading.
[2024-02-08 09:11:17,170] [autoreload.py:637] [autoreload:run_with_reloader] [INFO]- Watching for file changes with StatReloader
[2024-02-08 12:32:36,091] [autoreload.py:637] [autoreload:run_with_reloader] [INFO]- Watching for file changes with StatReloader
[2024-02-08 12:32:46,446] [basehttp.py:161] [basehttp:log_message] [INFO]- "POST /reply/ HTTP/1.1" 200 362
[2024-02-08 12:32:54,917] [basehttp.py:161] [basehttp:log_message] [INFO]- "POST /reply/ HTTP/1.1" 200 310
[2024-02-08 12:33:04,106] [basehttp.py:161] [basehttp:log_message] [INFO]- "POST /reply/ HTTP/1.1" 200 362
[2024-02-08 12:33:33,932] [basehttp.py:161] [basehttp:log_message] [INFO]- "POST /reply/ HTTP/1.1" 200 340
[2024-02-08 12:33:38,870] [basehttp.py:161] [basehttp:log_message] [INFO]- "POST /reply/ HTTP/1.1" 200 362
[2024-02-08 12:33:57,723] [autoreload.py:251] [autoreload:trigger_reload] [INFO]- /home/lethe/thu/dragon/yuanyang24/wxcloudrun/guess_word.py changed, reloading.
[2024-02-08 12:33:57,919] [autoreload.py:637] [autoreload:run_with_reloader] [INFO]- Watching for file changes with StatReloader
[2024-02-08 12:34:07,042] [autoreload.py:251] [autoreload:trigger_reload] [INFO]- /home/lethe/thu/dragon/yuanyang24/wxcloudrun/guess_word.py changed, reloading.
[2024-02-08 12:34:07,240] [autoreload.py:637] [autoreload:run_with_reloader] [INFO]- Watching for file changes with StatReloader
[2024-02-08 12:34:12,338] [autoreload.py:251] [autoreload:trigger_reload] [INFO]- /home/lethe/thu/dragon/yuanyang24/wxcloudrun/guess_word.py changed, reloading.
[2024-02-08 12:34:12,540] [autoreload.py:637] [autoreload:run_with_reloader] [INFO]- Watching for file changes with StatReloader
[2024-02-08 12:34:29,715] [autoreload.py:251] [autoreload:trigger_reload] [INFO]- /home/lethe/thu/dragon/yuanyang24/wxcloudrun/guess_word.py changed, reloading.
[2024-02-08 12:34:29,928] [autoreload.py:637] [autoreload:run_with_reloader] [INFO]- Watching for file changes with StatReloader
[2024-02-08 12:34:31,021] [autoreload.py:251] [autoreload:trigger_reload] [INFO]- /home/lethe/thu/dragon/yuanyang24/wxcloudrun/guess_word.py changed, reloading.
[2024-02-08 12:34:31,227] [autoreload.py:637] [autoreload:run_with_reloader] [INFO]- Watching for file changes with StatReloader
[2024-02-08 12:34:34,781] [basehttp.py:161] [basehttp:log_message] [INFO]- "POST /reply/ HTTP/1.1" 200 282
[2024-02-08 12:34:37,199] [basehttp.py:161] [basehttp:log_message] [INFO]- "POST /reply/ HTTP/1.1" 200 362
[2024-02-08 12:34:49,459] [basehttp.py:161] [basehttp:log_message] [INFO]- "POST /reply/ HTTP/1.1" 200 231
[2024-02-08 12:35:03,519] [autoreload.py:251] [autoreload:trigger_reload] [INFO]- /home/lethe/thu/dragon/yuanyang24/wxcloudrun/guess_word.py changed, reloading.
[2024-02-08 12:35:03,721] [autoreload.py:637] [autoreload:run_with_reloader] [INFO]- Watching for file changes with StatReloader
[2024-02-08 12:35:04,794] [autoreload.py:251] [autoreload:trigger_reload] [INFO]- /home/lethe/thu/dragon/yuanyang24/wxcloudrun/guess_word.py changed, reloading.
[2024-02-08 12:35:04,980] [autoreload.py:637] [autoreload:run_with_reloader] [INFO]- Watching for file changes with StatReloader
[2024-02-08 12:35:07,709] [basehttp.py:161] [basehttp:log_message] [INFO]- "POST /reply/ HTTP/1.1" 200 263
[2024-02-08 12:35:12,230] [basehttp.py:161] [basehttp:log_message] [INFO]- "POST /reply/ HTTP/1.1" 200 224
