[2024-01-30 13:06:44,911] [autoreload.py:637] [autoreload:run_with_reloader] [INFO]- Watching for file changes with StatReloader
[2024-01-30 13:17:15,593] [autoreload.py:637] [autoreload:run_with_reloader] [INFO]- Watching for file changes with StatReloader
[2024-01-30 13:23:55,508] [autoreload.py:637] [autoreload:run_with_reloader] [INFO]- Watching for file changes with StatReloader
[2024-01-30 14:22:36,536] [autoreload.py:637] [autoreload:run_with_reloader] [INFO]- Watching for file changes with StatReloader
[2024-01-30 14:22:58,139] [basehttp.py:161] [basehttp:log_message] [INFO]- "POST /reply/ HTTP/1.1" 200 165
[2024-01-30 14:23:26,451] [basehttp.py:161] [basehttp:log_message] [INFO]- "POST /reply/ HTTP/1.1" 200 235
[2024-01-30 14:25:57,868] [autoreload.py:637] [autoreload:run_with_reloader] [INFO]- Watching for file changes with StatReloader
[2024-01-30 14:26:00,840] [basehttp.py:161] [basehttp:log_message] [INFO]- "POST /reply/ HTTP/1.1" 200 214
[2024-01-30 14:26:14,500] [basehttp.py:161] [basehttp:log_message] [INFO]- "POST /reply/ HTTP/1.1" 200 153
[2024-01-30 14:26:42,468] [basehttp.py:161] [basehttp:log_message] [INFO]- "POST /reply/ HTTP/1.1" 200 153
[2024-01-30 14:27:01,964] [basehttp.py:161] [basehttp:log_message] [INFO]- "POST /reply/ HTTP/1.1" 200 214
[2024-01-30 14:28:12,608] [autoreload.py:637] [autoreload:run_with_reloader] [INFO]- Watching for file changes with StatReloader
[2024-01-30 14:28:16,310] [basehttp.py:161] [basehttp:log_message] [INFO]- "POST /reply/ HTTP/1.1" 200 214
[2024-01-30 14:31:26,929] [autoreload.py:637] [autoreload:run_with_reloader] [INFO]- Watching for file changes with StatReloader
[2024-01-30 14:31:39,806] [basehttp.py:161] [basehttp:log_message] [INFO]- "POST /reply/ HTTP/1.1" 200 171
[2024-01-30 14:31:50,208] [basehttp.py:161] [basehttp:log_message] [INFO]- "POST /reply/ HTTP/1.1" 200 264
[2024-01-30 14:37:25,569] [autoreload.py:637] [autoreload:run_with_reloader] [INFO]- Watching for file changes with StatReloader
[2024-01-30 14:37:31,278] [basehttp.py:161] [basehttp:log_message] [INFO]- "POST /reply/ HTTP/1.1" 200 214
[2024-01-30 14:42:54,761] [autoreload.py:637] [autoreload:run_with_reloader] [INFO]- Watching for file changes with StatReloader
[2024-01-30 14:42:58,538] [basehttp.py:161] [basehttp:log_message] [INFO]- "POST /reply/ HTTP/1.1" 200 171
[2024-01-30 14:53:36,765] [autoreload.py:251] [autoreload:trigger_reload] [INFO]- /home/lethe/thu/dragon/yuanyang24/wxcloudrun/views.py changed, reloading.
[2024-01-30 14:53:37,876] [autoreload.py:637] [autoreload:run_with_reloader] [INFO]- Watching for file changes with StatReloader
[2024-01-30 15:17:51,052] [autoreload.py:637] [autoreload:run_with_reloader] [INFO]- Watching for file changes with StatReloader
[2024-01-30 15:18:02,857] [basehttp.py:161] [basehttp:log_message] [INFO]- "POST /reply/ HTTP/1.1" 200 252
[2024-01-30 15:18:27,513] [autoreload.py:251] [autoreload:trigger_reload] [INFO]- /home/lethe/thu/dragon/yuanyang24/wxcloudrun/views.py changed, reloading.
[2024-01-30 15:18:27,970] [autoreload.py:637] [autoreload:run_with_reloader] [INFO]- Watching for file changes with StatReloader
[2024-01-30 15:18:30,095] [autoreload.py:251] [autoreload:trigger_reload] [INFO]- /home/lethe/thu/dragon/yuanyang24/wxcloudrun/views.py changed, reloading.
[2024-01-30 15:18:30,680] [autoreload.py:637] [autoreload:run_with_reloader] [INFO]- Watching for file changes with StatReloader
[2024-01-30 15:18:32,831] [autoreload.py:251] [autoreload:trigger_reload] [INFO]- /home/lethe/thu/dragon/yuanyang24/wxcloudrun/views.py changed, reloading.
[2024-01-30 15:18:33,473] [autoreload.py:637] [autoreload:run_with_reloader] [INFO]- Watching for file changes with StatReloader
[2024-01-30 15:18:35,619] [autoreload.py:251] [autoreload:trigger_reload] [INFO]- /home/lethe/thu/dragon/yuanyang24/wxcloudrun/views.py changed, reloading.
[2024-01-30 15:18:36,219] [autoreload.py:637] [autoreload:run_with_reloader] [INFO]- Watching for file changes with StatReloader
[2024-01-30 15:18:41,399] [autoreload.py:251] [autoreload:trigger_reload] [INFO]- /home/lethe/thu/dragon/yuanyang24/wxcloudrun/views.py changed, reloading.
[2024-01-30 15:18:41,927] [autoreload.py:637] [autoreload:run_with_reloader] [INFO]- Watching for file changes with StatReloader
[2024-01-30 15:18:51,103] [autoreload.py:251] [autoreload:trigger_reload] [INFO]- /home/lethe/thu/dragon/yuanyang24/wxcloudrun/views.py changed, reloading.
[2024-01-30 15:18:51,604] [autoreload.py:637] [autoreload:run_with_reloader] [INFO]- Watching for file changes with StatReloader
[2024-01-30 15:18:59,835] [autoreload.py:251] [autoreload:trigger_reload] [INFO]- /home/lethe/thu/dragon/yuanyang24/wxcloudrun/views.py changed, reloading.
[2024-01-30 15:19:00,245] [autoreload.py:637] [autoreload:run_with_reloader] [INFO]- Watching for file changes with StatReloader
[2024-01-30 15:19:03,410] [autoreload.py:251] [autoreload:trigger_reload] [INFO]- /home/lethe/thu/dragon/yuanyang24/wxcloudrun/views.py changed, reloading.
[2024-01-30 15:19:03,900] [autoreload.py:637] [autoreload:run_with_reloader] [INFO]- Watching for file changes with StatReloader
[2024-01-30 15:19:06,057] [autoreload.py:251] [autoreload:trigger_reload] [INFO]- /home/lethe/thu/dragon/yuanyang24/wxcloudrun/views.py changed, reloading.
[2024-01-30 15:19:06,552] [autoreload.py:637] [autoreload:run_with_reloader] [INFO]- Watching for file changes with StatReloader
[2024-01-30 15:19:17,721] [autoreload.py:251] [autoreload:trigger_reload] [INFO]- /home/lethe/thu/dragon/yuanyang24/wxcloudrun/views.py changed, reloading.
[2024-01-30 15:19:18,211] [autoreload.py:637] [autoreload:run_with_reloader] [INFO]- Watching for file changes with StatReloader
[2024-01-30 15:19:23,784] [basehttp.py:161] [basehttp:log_message] [INFO]- "POST /reply/ HTTP/1.1" 200 252
[2024-01-30 15:19:38,362] [basehttp.py:161] [basehttp:log_message] [INFO]- "POST /reply/ HTTP/1.1" 200 362
[2024-01-30 15:36:56,310] [autoreload.py:251] [autoreload:trigger_reload] [INFO]- /home/lethe/thu/dragon/yuanyang24/wxcloudrun/models.py changed, reloading.
[2024-01-30 15:36:56,849] [autoreload.py:637] [autoreload:run_with_reloader] [INFO]- Watching for file changes with StatReloader
[2024-01-30 15:36:58,066] [autoreload.py:251] [autoreload:trigger_reload] [INFO]- /home/lethe/thu/dragon/yuanyang24/wxcloudrun/models.py changed, reloading.
[2024-01-30 15:36:58,676] [autoreload.py:637] [autoreload:run_with_reloader] [INFO]- Watching for file changes with StatReloader
[2024-01-30 16:53:47,413] [autoreload.py:637] [autoreload:run_with_reloader] [INFO]- Watching for file changes with StatReloader
[2024-01-30 16:54:43,022] [basehttp.py:161] [basehttp:log_message] [INFO]- "POST /reply/ HTTP/1.1" 200 362
[2024-01-30 16:55:33,688] [basehttp.py:161] [basehttp:log_message] [INFO]- "POST /reply/ HTTP/1.1" 200 362
[2024-01-30 16:55:49,395] [basehttp.py:161] [basehttp:log_message] [INFO]- "POST /reply/ HTTP/1.1" 200 225
[2024-01-30 16:56:04,524] [autoreload.py:251] [autoreload:trigger_reload] [INFO]- /home/lethe/thu/dragon/yuanyang24/wxcloudrun/views.py changed, reloading.
[2024-01-30 16:56:05,229] [autoreload.py:637] [autoreload:run_with_reloader] [INFO]- Watching for file changes with StatReloader
[2024-01-30 16:56:06,658] [autoreload.py:251] [autoreload:trigger_reload] [INFO]- /home/lethe/thu/dragon/yuanyang24/wxcloudrun/views.py changed, reloading.
[2024-01-30 16:56:07,473] [autoreload.py:637] [autoreload:run_with_reloader] [INFO]- Watching for file changes with StatReloader
[2024-01-30 16:56:14,044] [basehttp.py:161] [basehttp:log_message] [INFO]- "POST /reply/ HTTP/1.1" 200 208
[2024-01-30 16:57:05,105] [autoreload.py:251] [autoreload:trigger_reload] [INFO]- /home/lethe/thu/dragon/yuanyang24/wxcloudrun/user.py changed, reloading.
[2024-01-30 16:57:06,267] [autoreload.py:637] [autoreload:run_with_reloader] [INFO]- Watching for file changes with StatReloader
[2024-01-30 16:57:12,648] [basehttp.py:161] [basehttp:log_message] [INFO]- "POST /reply/ HTTP/1.1" 200 208
[2024-01-30 16:57:26,754] [autoreload.py:251] [autoreload:trigger_reload] [INFO]- /home/lethe/thu/dragon/yuanyang24/wxcloudrun/user.py changed, reloading.
[2024-01-30 16:57:27,444] [autoreload.py:637] [autoreload:run_with_reloader] [INFO]- Watching for file changes with StatReloader
[2024-01-30 16:57:28,720] [autoreload.py:251] [autoreload:trigger_reload] [INFO]- /home/lethe/thu/dragon/yuanyang24/wxcloudrun/user.py changed, reloading.
[2024-01-30 16:57:29,605] [autoreload.py:637] [autoreload:run_with_reloader] [INFO]- Watching for file changes with StatReloader
[2024-01-30 16:57:37,295] [basehttp.py:161] [basehttp:log_message] [INFO]- "POST /reply/ HTTP/1.1" 200 229
[2024-01-30 16:58:05,112] [autoreload.py:251] [autoreload:trigger_reload] [INFO]- /home/lethe/thu/dragon/yuanyang24/wxcloudrun/user.py changed, reloading.
[2024-01-30 16:58:05,942] [autoreload.py:637] [autoreload:run_with_reloader] [INFO]- Watching for file changes with StatReloader
[2024-01-30 16:58:07,108] [autoreload.py:251] [autoreload:trigger_reload] [INFO]- /home/lethe/thu/dragon/yuanyang24/wxcloudrun/user.py changed, reloading.
[2024-01-30 16:58:07,860] [autoreload.py:637] [autoreload:run_with_reloader] [INFO]- Watching for file changes with StatReloader
[2024-01-30 16:58:20,247] [autoreload.py:251] [autoreload:trigger_reload] [INFO]- /home/lethe/thu/dragon/yuanyang24/wxcloudrun/user.py changed, reloading.
[2024-01-30 16:58:21,249] [autoreload.py:637] [autoreload:run_with_reloader] [INFO]- Watching for file changes with StatReloader
[2024-01-30 16:58:26,591] [autoreload.py:251] [autoreload:trigger_reload] [INFO]- /home/lethe/thu/dragon/yuanyang24/wxcloudrun/user.py changed, reloading.
[2024-01-30 16:58:27,264] [autoreload.py:637] [autoreload:run_with_reloader] [INFO]- Watching for file changes with StatReloader
[2024-01-30 16:58:40,746] [basehttp.py:161] [basehttp:log_message] [INFO]- "POST /reply/ HTTP/1.1" 200 229
[2024-01-30 16:59:05,824] [autoreload.py:251] [autoreload:trigger_reload] [INFO]- /home/lethe/thu/dragon/yuanyang24/wxcloudrun/user.py changed, reloading.
[2024-01-30 16:59:06,856] [autoreload.py:637] [autoreload:run_with_reloader] [INFO]- Watching for file changes with StatReloader
[2024-01-30 16:59:12,011] [basehttp.py:161] [basehttp:log_message] [INFO]- "POST /reply/ HTTP/1.1" 200 229
[2024-01-30 16:59:29,307] [autoreload.py:251] [autoreload:trigger_reload] [INFO]- /home/lethe/thu/dragon/yuanyang24/wxcloudrun/utils.py changed, reloading.
[2024-01-30 16:59:30,150] [autoreload.py:637] [autoreload:run_with_reloader] [INFO]- Watching for file changes with StatReloader
[2024-01-30 16:59:45,061] [basehttp.py:161] [basehttp:log_message] [INFO]- "POST /reply/ HTTP/1.1" 200 362
[2024-01-30 17:00:00,694] [autoreload.py:251] [autoreload:trigger_reload] [INFO]- /home/lethe/thu/dragon/yuanyang24/wxcloudrun/views.py changed, reloading.
[2024-01-30 17:00:01,338] [autoreload.py:637] [autoreload:run_with_reloader] [INFO]- Watching for file changes with StatReloader
[2024-01-30 17:00:05,556] [autoreload.py:251] [autoreload:trigger_reload] [INFO]- /home/lethe/thu/dragon/yuanyang24/wxcloudrun/views.py changed, reloading.
[2024-01-30 17:00:06,167] [autoreload.py:637] [autoreload:run_with_reloader] [INFO]- Watching for file changes with StatReloader
[2024-01-30 17:00:12,324] [autoreload.py:251] [autoreload:trigger_reload] [INFO]- /home/lethe/thu/dragon/yuanyang24/wxcloudrun/views.py changed, reloading.
[2024-01-30 17:00:12,874] [autoreload.py:637] [autoreload:run_with_reloader] [INFO]- Watching for file changes with StatReloader
[2024-01-30 17:00:15,059] [autoreload.py:251] [autoreload:trigger_reload] [INFO]- /home/lethe/thu/dragon/yuanyang24/wxcloudrun/views.py changed, reloading.
[2024-01-30 17:00:15,535] [autoreload.py:637] [autoreload:run_with_reloader] [INFO]- Watching for file changes with StatReloader
[2024-01-30 17:00:16,716] [autoreload.py:251] [autoreload:trigger_reload] [INFO]- /home/lethe/thu/dragon/yuanyang24/wxcloudrun/views.py changed, reloading.
[2024-01-30 17:00:17,319] [autoreload.py:637] [autoreload:run_with_reloader] [INFO]- Watching for file changes with StatReloader
[2024-01-30 17:00:18,610] [autoreload.py:251] [autoreload:trigger_reload] [INFO]- /home/lethe/thu/dragon/yuanyang24/wxcloudrun/views.py changed, reloading.
[2024-01-30 17:00:19,379] [autoreload.py:637] [autoreload:run_with_reloader] [INFO]- Watching for file changes with StatReloader
[2024-01-30 17:00:20,696] [autoreload.py:251] [autoreload:trigger_reload] [INFO]- /home/lethe/thu/dragon/yuanyang24/wxcloudrun/views.py changed, reloading.
[2024-01-30 17:00:21,270] [autoreload.py:637] [autoreload:run_with_reloader] [INFO]- Watching for file changes with StatReloader
[2024-01-30 17:00:33,585] [autoreload.py:251] [autoreload:trigger_reload] [INFO]- /home/lethe/thu/dragon/yuanyang24/wxcloudrun/views.py changed, reloading.
[2024-01-30 17:00:34,417] [autoreload.py:637] [autoreload:run_with_reloader] [INFO]- Watching for file changes with StatReloader
[2024-01-30 17:00:36,763] [autoreload.py:251] [autoreload:trigger_reload] [INFO]- /home/lethe/thu/dragon/yuanyang24/wxcloudrun/views.py changed, reloading.
[2024-01-30 17:00:37,929] [autoreload.py:637] [autoreload:run_with_reloader] [INFO]- Watching for file changes with StatReloader
[2024-01-30 17:00:40,280] [autoreload.py:251] [autoreload:trigger_reload] [INFO]- /home/lethe/thu/dragon/yuanyang24/wxcloudrun/views.py changed, reloading.
[2024-01-30 17:00:40,994] [autoreload.py:637] [autoreload:run_with_reloader] [INFO]- Watching for file changes with StatReloader
[2024-01-30 17:00:50,335] [autoreload.py:251] [autoreload:trigger_reload] [INFO]- /home/lethe/thu/dragon/yuanyang24/wxcloudrun/views.py changed, reloading.
[2024-01-30 17:00:51,046] [autoreload.py:637] [autoreload:run_with_reloader] [INFO]- Watching for file changes with StatReloader
[2024-01-30 17:00:54,264] [autoreload.py:251] [autoreload:trigger_reload] [INFO]- /home/lethe/thu/dragon/yuanyang24/wxcloudrun/views.py changed, reloading.
[2024-01-30 17:00:54,822] [autoreload.py:637] [autoreload:run_with_reloader] [INFO]- Watching for file changes with StatReloader
[2024-01-30 17:01:08,151] [autoreload.py:251] [autoreload:trigger_reload] [INFO]- /home/lethe/thu/dragon/yuanyang24/wxcloudrun/views.py changed, reloading.
[2024-01-30 17:01:08,714] [autoreload.py:637] [autoreload:run_with_reloader] [INFO]- Watching for file changes with StatReloader
[2024-01-30 17:01:11,964] [autoreload.py:251] [autoreload:trigger_reload] [INFO]- /home/lethe/thu/dragon/yuanyang24/wxcloudrun/views.py changed, reloading.
[2024-01-30 17:01:12,513] [autoreload.py:637] [autoreload:run_with_reloader] [INFO]- Watching for file changes with StatReloader
[2024-01-30 17:01:15,758] [autoreload.py:251] [autoreload:trigger_reload] [INFO]- /home/lethe/thu/dragon/yuanyang24/wxcloudrun/views.py changed, reloading.
[2024-01-30 17:01:16,520] [autoreload.py:637] [autoreload:run_with_reloader] [INFO]- Watching for file changes with StatReloader
[2024-01-30 17:01:18,740] [autoreload.py:251] [autoreload:trigger_reload] [INFO]- /home/lethe/thu/dragon/yuanyang24/wxcloudrun/views.py changed, reloading.
[2024-01-30 17:01:19,514] [autoreload.py:637] [autoreload:run_with_reloader] [INFO]- Watching for file changes with StatReloader
[2024-01-30 17:01:24,309] [basehttp.py:161] [basehttp:log_message] [INFO]- "POST /reply/ HTTP/1.1" 200 72
[2024-01-30 17:02:03,296] [basehttp.py:161] [basehttp:log_message] [INFO]- "POST /reply/ HTTP/1.1" 200 72
[2024-01-30 17:02:42,316] [autoreload.py:251] [autoreload:trigger_reload] [INFO]- /home/lethe/thu/dragon/yuanyang24/wxcloudrun/views.py changed, reloading.
[2024-01-30 17:02:42,990] [autoreload.py:637] [autoreload:run_with_reloader] [INFO]- Watching for file changes with StatReloader
[2024-01-30 17:02:47,227] [autoreload.py:251] [autoreload:trigger_reload] [INFO]- /home/lethe/thu/dragon/yuanyang24/wxcloudrun/views.py changed, reloading.
[2024-01-30 17:02:47,932] [autoreload.py:637] [autoreload:run_with_reloader] [INFO]- Watching for file changes with StatReloader
[2024-01-30 17:02:54,185] [autoreload.py:251] [autoreload:trigger_reload] [INFO]- /home/lethe/thu/dragon/yuanyang24/wxcloudrun/views.py changed, reloading.
[2024-01-30 17:02:55,007] [autoreload.py:637] [autoreload:run_with_reloader] [INFO]- Watching for file changes with StatReloader
[2024-01-30 17:03:01,608] [basehttp.py:161] [basehttp:log_message] [INFO]- "POST /reply/ HTTP/1.1" 200 196
[2024-01-30 17:03:08,986] [basehttp.py:161] [basehttp:log_message] [INFO]- "POST /reply/ HTTP/1.1" 200 229
[2024-01-30 17:03:14,714] [basehttp.py:161] [basehttp:log_message] [INFO]- "POST /reply/ HTTP/1.1" 200 181
[2024-01-30 17:03:20,041] [basehttp.py:161] [basehttp:log_message] [INFO]- "POST /reply/ HTTP/1.1" 200 210
[2024-01-30 17:03:28,418] [basehttp.py:161] [basehttp:log_message] [INFO]- "POST /reply/ HTTP/1.1" 200 362
[2024-01-30 17:03:35,548] [basehttp.py:161] [basehttp:log_message] [INFO]- "POST /reply/ HTTP/1.1" 200 226
[2024-01-30 17:05:03,970] [autoreload.py:251] [autoreload:trigger_reload] [INFO]- /home/lethe/thu/dragon/yuanyang24/wxcloudrun/user.py changed, reloading.
[2024-01-30 17:05:04,452] [autoreload.py:637] [autoreload:run_with_reloader] [INFO]- Watching for file changes with StatReloader
[2024-01-30 17:05:06,597] [autoreload.py:251] [autoreload:trigger_reload] [INFO]- /home/lethe/thu/dragon/yuanyang24/wxcloudrun/user.py changed, reloading.
[2024-01-30 17:05:07,136] [autoreload.py:637] [autoreload:run_with_reloader] [INFO]- Watching for file changes with StatReloader
[2024-01-30 17:05:12,894] [basehttp.py:161] [basehttp:log_message] [INFO]- "POST /reply/ HTTP/1.1" 200 160
[2024-01-30 17:05:18,263] [basehttp.py:161] [basehttp:log_message] [INFO]- "POST /reply/ HTTP/1.1" 200 168
[2024-01-30 17:05:27,532] [autoreload.py:251] [autoreload:trigger_reload] [INFO]- /home/lethe/thu/dragon/yuanyang24/wxcloudrun/user.py changed, reloading.
[2024-01-30 17:05:28,299] [autoreload.py:637] [autoreload:run_with_reloader] [INFO]- Watching for file changes with StatReloader
[2024-01-30 17:05:29,422] [autoreload.py:251] [autoreload:trigger_reload] [INFO]- /home/lethe/thu/dragon/yuanyang24/wxcloudrun/user.py changed, reloading.
[2024-01-30 17:05:30,149] [autoreload.py:637] [autoreload:run_with_reloader] [INFO]- Watching for file changes with StatReloader
[2024-01-30 17:05:47,468] [autoreload.py:251] [autoreload:trigger_reload] [INFO]- /home/lethe/thu/dragon/yuanyang24/wxcloudrun/user.py changed, reloading.
[2024-01-30 17:05:48,348] [autoreload.py:637] [autoreload:run_with_reloader] [INFO]- Watching for file changes with StatReloader
[2024-01-30 17:05:55,606] [autoreload.py:251] [autoreload:trigger_reload] [INFO]- /home/lethe/thu/dragon/yuanyang24/wxcloudrun/user.py changed, reloading.
[2024-01-30 17:05:56,290] [autoreload.py:637] [autoreload:run_with_reloader] [INFO]- Watching for file changes with StatReloader
[2024-01-30 17:06:02,830] [basehttp.py:161] [basehttp:log_message] [INFO]- "POST /reply/ HTTP/1.1" 200 238
[2024-01-30 17:06:31,739] [autoreload.py:251] [autoreload:trigger_reload] [INFO]- /home/lethe/thu/dragon/yuanyang24/wxcloudrun/user.py changed, reloading.
[2024-01-30 17:06:32,483] [autoreload.py:637] [autoreload:run_with_reloader] [INFO]- Watching for file changes with StatReloader
[2024-01-30 17:06:37,518] [basehttp.py:161] [basehttp:log_message] [INFO]- "POST /reply/ HTTP/1.1" 200 170
[2024-01-30 17:07:00,356] [basehttp.py:161] [basehttp:log_message] [INFO]- "POST /reply/ HTTP/1.1" 200 203
[2024-01-30 17:07:38,218] [autoreload.py:251] [autoreload:trigger_reload] [INFO]- /home/lethe/thu/dragon/yuanyang24/wxcloudrun/user.py changed, reloading.
[2024-01-30 17:07:38,866] [autoreload.py:637] [autoreload:run_with_reloader] [INFO]- Watching for file changes with StatReloader
[2024-01-30 17:08:02,176] [autoreload.py:251] [autoreload:trigger_reload] [INFO]- /home/lethe/thu/dragon/yuanyang24/wxcloudrun/user.py changed, reloading.
[2024-01-30 17:08:03,055] [autoreload.py:637] [autoreload:run_with_reloader] [INFO]- Watching for file changes with StatReloader
[2024-01-30 17:08:04,458] [autoreload.py:251] [autoreload:trigger_reload] [INFO]- /home/lethe/thu/dragon/yuanyang24/wxcloudrun/user.py changed, reloading.
[2024-01-30 17:08:05,264] [autoreload.py:637] [autoreload:run_with_reloader] [INFO]- Watching for file changes with StatReloader
[2024-01-30 17:08:12,082] [basehttp.py:161] [basehttp:log_message] [INFO]- "POST /reply/ HTTP/1.1" 200 196
[2024-01-30 17:08:33,091] [basehttp.py:161] [basehttp:log_message] [INFO]- "POST /reply/ HTTP/1.1" 200 160
[2024-01-30 17:09:20,727] [basehttp.py:161] [basehttp:log_message] [INFO]- "POST /reply/ HTTP/1.1" 200 362
[2024-01-30 17:09:26,078] [basehttp.py:161] [basehttp:log_message] [INFO]- "POST /reply/ HTTP/1.1" 200 170
[2024-01-30 17:09:36,530] [basehttp.py:161] [basehttp:log_message] [INFO]- "POST /reply/ HTTP/1.1" 200 362
[2024-01-30 17:09:43,788] [basehttp.py:161] [basehttp:log_message] [INFO]- "POST /reply/ HTTP/1.1" 200 196
[2024-01-30 17:09:54,073] [basehttp.py:161] [basehttp:log_message] [INFO]- "POST /reply/ HTTP/1.1" 200 193
[2024-01-30 17:10:31,374] [autoreload.py:251] [autoreload:trigger_reload] [INFO]- /home/lethe/thu/dragon/yuanyang24/wxcloudrun/user.py changed, reloading.
[2024-01-30 17:10:31,976] [autoreload.py:637] [autoreload:run_with_reloader] [INFO]- Watching for file changes with StatReloader
[2024-01-30 17:10:41,636] [basehttp.py:161] [basehttp:log_message] [INFO]- "POST /reply/ HTTP/1.1" 200 160
[2024-01-30 17:15:58,812] [basehttp.py:161] [basehttp:log_message] [INFO]- "POST /reply/ HTTP/1.1" 200 362
[2024-01-30 17:16:07,945] [basehttp.py:161] [basehttp:log_message] [INFO]- "POST /reply/ HTTP/1.1" 200 181
[2024-01-30 17:16:15,019] [basehttp.py:161] [basehttp:log_message] [INFO]- "POST /reply/ HTTP/1.1" 200 160
[2024-01-30 17:16:20,759] [basehttp.py:161] [basehttp:log_message] [INFO]- "POST /reply/ HTTP/1.1" 200 199
[2024-01-30 17:17:25,456] [autoreload.py:251] [autoreload:trigger_reload] [INFO]- /home/lethe/thu/dragon/yuanyang24/wxcloudrun/user.py changed, reloading.
[2024-01-30 17:17:26,289] [autoreload.py:637] [autoreload:run_with_reloader] [INFO]- Watching for file changes with StatReloader
[2024-01-30 17:17:27,507] [autoreload.py:251] [autoreload:trigger_reload] [INFO]- /home/lethe/thu/dragon/yuanyang24/wxcloudrun/user.py changed, reloading.
[2024-01-30 17:17:28,143] [autoreload.py:637] [autoreload:run_with_reloader] [INFO]- Watching for file changes with StatReloader
[2024-01-30 17:17:34,334] [autoreload.py:251] [autoreload:trigger_reload] [INFO]- /home/lethe/thu/dragon/yuanyang24/wxcloudrun/user.py changed, reloading.
[2024-01-30 17:17:34,981] [autoreload.py:637] [autoreload:run_with_reloader] [INFO]- Watching for file changes with StatReloader
[2024-01-30 17:17:38,217] [autoreload.py:251] [autoreload:trigger_reload] [INFO]- /home/lethe/thu/dragon/yuanyang24/wxcloudrun/user.py changed, reloading.
[2024-01-30 17:17:38,995] [autoreload.py:637] [autoreload:run_with_reloader] [INFO]- Watching for file changes with StatReloader
[2024-01-30 17:17:45,397] [autoreload.py:251] [autoreload:trigger_reload] [INFO]- /home/lethe/thu/dragon/yuanyang24/wxcloudrun/user.py changed, reloading.
[2024-01-30 17:17:45,995] [autoreload.py:637] [autoreload:run_with_reloader] [INFO]- Watching for file changes with StatReloader
[2024-01-30 17:17:48,240] [autoreload.py:251] [autoreload:trigger_reload] [INFO]- /home/lethe/thu/dragon/yuanyang24/wxcloudrun/user.py changed, reloading.
[2024-01-30 17:17:48,786] [autoreload.py:637] [autoreload:run_with_reloader] [INFO]- Watching for file changes with StatReloader
[2024-01-30 17:17:50,997] [autoreload.py:251] [autoreload:trigger_reload] [INFO]- /home/lethe/thu/dragon/yuanyang24/wxcloudrun/user.py changed, reloading.
[2024-01-30 17:17:51,516] [autoreload.py:637] [autoreload:run_with_reloader] [INFO]- Watching for file changes with StatReloader
[2024-01-30 17:17:55,712] [autoreload.py:251] [autoreload:trigger_reload] [INFO]- /home/lethe/thu/dragon/yuanyang24/wxcloudrun/user.py changed, reloading.
[2024-01-30 17:17:56,189] [autoreload.py:637] [autoreload:run_with_reloader] [INFO]- Watching for file changes with StatReloader
[2024-01-30 17:17:58,409] [autoreload.py:251] [autoreload:trigger_reload] [INFO]- /home/lethe/thu/dragon/yuanyang24/wxcloudrun/user.py changed, reloading.
[2024-01-30 17:17:59,066] [autoreload.py:637] [autoreload:run_with_reloader] [INFO]- Watching for file changes with StatReloader
[2024-01-30 17:18:00,267] [autoreload.py:251] [autoreload:trigger_reload] [INFO]- /home/lethe/thu/dragon/yuanyang24/wxcloudrun/user.py changed, reloading.
[2024-01-30 17:18:00,944] [autoreload.py:637] [autoreload:run_with_reloader] [INFO]- Watching for file changes with StatReloader
[2024-01-30 17:18:05,070] [autoreload.py:251] [autoreload:trigger_reload] [INFO]- /home/lethe/thu/dragon/yuanyang24/wxcloudrun/user.py changed, reloading.
[2024-01-30 17:18:05,845] [autoreload.py:637] [autoreload:run_with_reloader] [INFO]- Watching for file changes with StatReloader
[2024-01-30 17:18:07,036] [autoreload.py:251] [autoreload:trigger_reload] [INFO]- /home/lethe/thu/dragon/yuanyang24/wxcloudrun/user.py changed, reloading.
[2024-01-30 17:18:07,549] [autoreload.py:637] [autoreload:run_with_reloader] [INFO]- Watching for file changes with StatReloader
[2024-01-30 17:18:11,729] [autoreload.py:251] [autoreload:trigger_reload] [INFO]- /home/lethe/thu/dragon/yuanyang24/wxcloudrun/user.py changed, reloading.
[2024-01-30 17:18:12,477] [autoreload.py:637] [autoreload:run_with_reloader] [INFO]- Watching for file changes with StatReloader
[2024-01-30 17:18:14,683] [autoreload.py:251] [autoreload:trigger_reload] [INFO]- /home/lethe/thu/dragon/yuanyang24/wxcloudrun/user.py changed, reloading.
[2024-01-30 17:18:15,454] [autoreload.py:637] [autoreload:run_with_reloader] [INFO]- Watching for file changes with StatReloader
[2024-01-30 17:18:16,720] [autoreload.py:251] [autoreload:trigger_reload] [INFO]- /home/lethe/thu/dragon/yuanyang24/wxcloudrun/user.py changed, reloading.
[2024-01-30 17:18:17,472] [autoreload.py:637] [autoreload:run_with_reloader] [INFO]- Watching for file changes with StatReloader
[2024-01-30 17:18:23,831] [autoreload.py:251] [autoreload:trigger_reload] [INFO]- /home/lethe/thu/dragon/yuanyang24/wxcloudrun/user.py changed, reloading.
[2024-01-30 17:18:24,309] [autoreload.py:637] [autoreload:run_with_reloader] [INFO]- Watching for file changes with StatReloader
[2024-01-30 17:18:29,545] [autoreload.py:251] [autoreload:trigger_reload] [INFO]- /home/lethe/thu/dragon/yuanyang24/wxcloudrun/user.py changed, reloading.
[2024-01-30 17:18:30,485] [autoreload.py:637] [autoreload:run_with_reloader] [INFO]- Watching for file changes with StatReloader
[2024-01-30 17:18:41,518] [basehttp.py:161] [basehttp:log_message] [INFO]- "POST /reply/ HTTP/1.1" 200 152
[2024-01-30 17:18:59,909] [autoreload.py:251] [autoreload:trigger_reload] [INFO]- /home/lethe/thu/dragon/yuanyang24/wxcloudrun/user.py changed, reloading.
[2024-01-30 17:19:00,421] [autoreload.py:637] [autoreload:run_with_reloader] [INFO]- Watching for file changes with StatReloader
[2024-01-30 17:19:07,832] [autoreload.py:251] [autoreload:trigger_reload] [INFO]- /home/lethe/thu/dragon/yuanyang24/wxcloudrun/user.py changed, reloading.
[2024-01-30 17:19:08,346] [autoreload.py:637] [autoreload:run_with_reloader] [INFO]- Watching for file changes with StatReloader
[2024-01-30 17:19:13,523] [autoreload.py:251] [autoreload:trigger_reload] [INFO]- /home/lethe/thu/dragon/yuanyang24/wxcloudrun/user.py changed, reloading.
[2024-01-30 17:19:14,429] [autoreload.py:637] [autoreload:run_with_reloader] [INFO]- Watching for file changes with StatReloader
[2024-01-30 17:19:17,688] [autoreload.py:251] [autoreload:trigger_reload] [INFO]- /home/lethe/thu/dragon/yuanyang24/wxcloudrun/user.py changed, reloading.
[2024-01-30 17:19:18,481] [autoreload.py:637] [autoreload:run_with_reloader] [INFO]- Watching for file changes with StatReloader
[2024-01-30 17:19:19,632] [autoreload.py:251] [autoreload:trigger_reload] [INFO]- /home/lethe/thu/dragon/yuanyang24/wxcloudrun/user.py changed, reloading.
[2024-01-30 17:19:20,170] [autoreload.py:637] [autoreload:run_with_reloader] [INFO]- Watching for file changes with StatReloader
[2024-01-30 17:19:24,331] [autoreload.py:251] [autoreload:trigger_reload] [INFO]- /home/lethe/thu/dragon/yuanyang24/wxcloudrun/user.py changed, reloading.
[2024-01-30 17:19:24,888] [autoreload.py:637] [autoreload:run_with_reloader] [INFO]- Watching for file changes with StatReloader
[2024-01-30 17:19:28,021] [autoreload.py:251] [autoreload:trigger_reload] [INFO]- /home/lethe/thu/dragon/yuanyang24/wxcloudrun/user.py changed, reloading.
[2024-01-30 17:19:28,593] [autoreload.py:637] [autoreload:run_with_reloader] [INFO]- Watching for file changes with StatReloader
[2024-01-30 17:19:29,780] [autoreload.py:251] [autoreload:trigger_reload] [INFO]- /home/lethe/thu/dragon/yuanyang24/wxcloudrun/user.py changed, reloading.
[2024-01-30 17:19:30,428] [autoreload.py:637] [autoreload:run_with_reloader] [INFO]- Watching for file changes with StatReloader
[2024-01-30 17:19:36,732] [autoreload.py:251] [autoreload:trigger_reload] [INFO]- /home/lethe/thu/dragon/yuanyang24/wxcloudrun/user.py changed, reloading.
[2024-01-30 17:19:37,459] [autoreload.py:637] [autoreload:run_with_reloader] [INFO]- Watching for file changes with StatReloader
[2024-01-30 17:19:40,685] [autoreload.py:251] [autoreload:trigger_reload] [INFO]- /home/lethe/thu/dragon/yuanyang24/wxcloudrun/user.py changed, reloading.
[2024-01-30 17:19:41,256] [autoreload.py:637] [autoreload:run_with_reloader] [INFO]- Watching for file changes with StatReloader
[2024-01-30 17:19:55,584] [basehttp.py:161] [basehttp:log_message] [INFO]- "POST /reply/ HTTP/1.1" 200 152
[2024-01-30 17:20:04,823] [basehttp.py:161] [basehttp:log_message] [INFO]- "POST /reply/ HTTP/1.1" 200 196
[2024-01-30 17:20:16,468] [basehttp.py:161] [basehttp:log_message] [INFO]- "POST /reply/ HTTP/1.1" 200 152
[2024-01-30 17:20:29,291] [basehttp.py:161] [basehttp:log_message] [INFO]- "POST /reply/ HTTP/1.1" 200 152
[2024-01-30 17:20:44,324] [basehttp.py:161] [basehttp:log_message] [INFO]- "POST /reply/ HTTP/1.1" 200 152
[2024-01-30 17:20:55,835] [basehttp.py:161] [basehttp:log_message] [INFO]- "POST /reply/ HTTP/1.1" 200 160
